<?xml version="1.0" encoding="UTF-8"?>
<robot generator="Robot 6.1.1 (Python 3.10.12 on linux)" generated="20231113 17:40:34.116" rpa="false" schemaversion="4">
<suite id="s1" name="Tests" source="/home/mcelisa/palautusrepositorio/viikko3/login-robot/src/tests">
<suite id="s1-s1" name="Login" source="/home/mcelisa/palautusrepositorio/viikko3/login-robot/src/tests/login.robot">
<test id="s1-s1-t1" name="Login With Correct Credentials" line="6">
<kw name="Create User And Input Login Command" type="SETUP">
<kw name="Create User" library="AppLibrary">
<arg>kalle</arg>
<arg>kalle123</arg>
<status status="PASS" starttime="20231113 17:40:34.131" endtime="20231113 17:40:34.131"/>
</kw>
<kw name="Input Login Command" library="resource">
<kw name="Input" library="AppLibrary">
<arg>login</arg>
<status status="PASS" starttime="20231113 17:40:34.131" endtime="20231113 17:40:34.131"/>
</kw>
<status status="PASS" starttime="20231113 17:40:34.131" endtime="20231113 17:40:34.131"/>
</kw>
<status status="PASS" starttime="20231113 17:40:34.130" endtime="20231113 17:40:34.131"/>
</kw>
<kw name="Input Credentials" library="resource">
<arg>kalle</arg>
<arg>kalle123</arg>
<kw name="Input" library="AppLibrary">
<arg>${username}</arg>
<status status="PASS" starttime="20231113 17:40:34.131" endtime="20231113 17:40:34.132"/>
</kw>
<kw name="Input" library="AppLibrary">
<arg>${password}</arg>
<status status="PASS" starttime="20231113 17:40:34.132" endtime="20231113 17:40:34.132"/>
</kw>
<kw name="Run Application" library="AppLibrary">
<status status="PASS" starttime="20231113 17:40:34.132" endtime="20231113 17:40:34.132"/>
</kw>
<status status="PASS" starttime="20231113 17:40:34.131" endtime="20231113 17:40:34.132"/>
</kw>
<kw name="Output Should Contain" library="AppLibrary">
<arg>Logged in</arg>
<status status="PASS" starttime="20231113 17:40:34.132" endtime="20231113 17:40:34.132"/>
</kw>
<status status="PASS" starttime="20231113 17:40:34.130" endtime="20231113 17:40:34.132"/>
</test>
<test id="s1-s1-t2" name="Login With Incorrect Password" line="10">
<kw name="Create User And Input Login Command" type="SETUP">
<kw name="Create User" library="AppLibrary">
<arg>kalle</arg>
<arg>kalle123</arg>
<status status="PASS" starttime="20231113 17:40:34.132" endtime="20231113 17:40:34.132"/>
</kw>
<kw name="Input Login Command" library="resource">
<kw name="Input" library="AppLibrary">
<arg>login</arg>
<status status="PASS" starttime="20231113 17:40:34.133" endtime="20231113 17:40:34.133"/>
</kw>
<status status="PASS" starttime="20231113 17:40:34.133" endtime="20231113 17:40:34.133"/>
</kw>
<status status="PASS" starttime="20231113 17:40:34.132" endtime="20231113 17:40:34.133"/>
</kw>
<kw name="Input Credentials" library="resource">
<arg>kalle</arg>
<arg>kalle1</arg>
<kw name="Input" library="AppLibrary">
<arg>${username}</arg>
<status status="PASS" starttime="20231113 17:40:34.133" endtime="20231113 17:40:34.133"/>
</kw>
<kw name="Input" library="AppLibrary">
<arg>${password}</arg>
<status status="PASS" starttime="20231113 17:40:34.133" endtime="20231113 17:40:34.133"/>
</kw>
<kw name="Run Application" library="AppLibrary">
<status status="PASS" starttime="20231113 17:40:34.133" endtime="20231113 17:40:34.133"/>
</kw>
<status status="PASS" starttime="20231113 17:40:34.133" endtime="20231113 17:40:34.133"/>
</kw>
<kw name="Output Should Contain" library="AppLibrary">
<arg>Invalid username or password</arg>
<status status="PASS" starttime="20231113 17:40:34.133" endtime="20231113 17:40:34.133"/>
</kw>
<status status="PASS" starttime="20231113 17:40:34.132" endtime="20231113 17:40:34.133"/>
</test>
<test id="s1-s1-t3" name="Login With Incorrect Username" line="14">
<kw name="Create User And Input Login Command" type="SETUP">
<kw name="Create User" library="AppLibrary">
<arg>kalle</arg>
<arg>kalle123</arg>
<status status="PASS" starttime="20231113 17:40:34.134" endtime="20231113 17:40:34.134"/>
</kw>
<kw name="Input Login Command" library="resource">
<kw name="Input" library="AppLibrary">
<arg>login</arg>
<status status="PASS" starttime="20231113 17:40:34.134" endtime="20231113 17:40:34.134"/>
</kw>
<status status="PASS" starttime="20231113 17:40:34.134" endtime="20231113 17:40:34.134"/>
</kw>
<status status="PASS" starttime="20231113 17:40:34.134" endtime="20231113 17:40:34.134"/>
</kw>
<kw name="Input Credentials" library="resource">
<arg>kall</arg>
<arg>kalle123</arg>
<kw name="Input" library="AppLibrary">
<arg>${username}</arg>
<status status="PASS" starttime="20231113 17:40:34.134" endtime="20231113 17:40:34.135"/>
</kw>
<kw name="Input" library="AppLibrary">
<arg>${password}</arg>
<status status="PASS" starttime="20231113 17:40:34.135" endtime="20231113 17:40:34.135"/>
</kw>
<kw name="Run Application" library="AppLibrary">
<status status="PASS" starttime="20231113 17:40:34.135" endtime="20231113 17:40:34.135"/>
</kw>
<status status="PASS" starttime="20231113 17:40:34.134" endtime="20231113 17:40:34.135"/>
</kw>
<kw name="Output Should Contain" library="AppLibrary">
<arg>Invalid username or password</arg>
<status status="PASS" starttime="20231113 17:40:34.135" endtime="20231113 17:40:34.135"/>
</kw>
<status status="PASS" starttime="20231113 17:40:34.134" endtime="20231113 17:40:34.135"/>
</test>
<status status="PASS" starttime="20231113 17:40:34.126" endtime="20231113 17:40:34.135"/>
</suite>
<suite id="s1-s2" name="Register" source="/home/mcelisa/palautusrepositorio/viikko3/login-robot/src/tests/register.robot">
<test id="s1-s2-t1" name="Register With Valid Username And Password" line="6">
<kw name="Input New Command And Create User" type="SETUP">
<kw name="Input New Command" library="resource">
<kw name="Input" library="AppLibrary">
<arg>new</arg>
<status status="PASS" starttime="20231113 17:40:34.137" endtime="20231113 17:40:34.137"/>
</kw>
<status status="PASS" starttime="20231113 17:40:34.137" endtime="20231113 17:40:34.137"/>
</kw>
<kw name="Create User" library="AppLibrary">
<arg>kalle</arg>
<arg>kalle123</arg>
<status status="PASS" starttime="20231113 17:40:34.137" endtime="20231113 17:40:34.137"/>
</kw>
<status status="PASS" starttime="20231113 17:40:34.137" endtime="20231113 17:40:34.137"/>
</kw>
<kw name="Input Credentials" library="resource">
<arg>hekk</arg>
<arg>hek12345</arg>
<kw name="Input" library="AppLibrary">
<arg>${username}</arg>
<status status="PASS" starttime="20231113 17:40:34.138" endtime="20231113 17:40:34.138"/>
</kw>
<kw name="Input" library="AppLibrary">
<arg>${password}</arg>
<status status="PASS" starttime="20231113 17:40:34.138" endtime="20231113 17:40:34.138"/>
</kw>
<kw name="Run Application" library="AppLibrary">
<status status="PASS" starttime="20231113 17:40:34.138" endtime="20231113 17:40:34.138"/>
</kw>
<status status="PASS" starttime="20231113 17:40:34.137" endtime="20231113 17:40:34.138"/>
</kw>
<kw name="Output Should Contain" library="AppLibrary">
<arg>New user registered</arg>
<status status="PASS" starttime="20231113 17:40:34.138" endtime="20231113 17:40:34.138"/>
</kw>
<status status="PASS" starttime="20231113 17:40:34.137" endtime="20231113 17:40:34.138"/>
</test>
<test id="s1-s2-t2" name="Register With Already Taken Username And Valid Password" line="10">
<kw name="Input New Command And Create User" type="SETUP">
<kw name="Input New Command" library="resource">
<kw name="Input" library="AppLibrary">
<arg>new</arg>
<status status="PASS" starttime="20231113 17:40:34.139" endtime="20231113 17:40:34.139"/>
</kw>
<status status="PASS" starttime="20231113 17:40:34.139" endtime="20231113 17:40:34.139"/>
</kw>
<kw name="Create User" library="AppLibrary">
<arg>kalle</arg>
<arg>kalle123</arg>
<status status="PASS" starttime="20231113 17:40:34.139" endtime="20231113 17:40:34.139"/>
</kw>
<status status="PASS" starttime="20231113 17:40:34.138" endtime="20231113 17:40:34.139"/>
</kw>
<kw name="Input Credentials" library="resource">
<arg>kalle</arg>
<arg>kalle123</arg>
<kw name="Input" library="AppLibrary">
<arg>${username}</arg>
<status status="PASS" starttime="20231113 17:40:34.139" endtime="20231113 17:40:34.139"/>
</kw>
<kw name="Input" library="AppLibrary">
<arg>${password}</arg>
<status status="PASS" starttime="20231113 17:40:34.139" endtime="20231113 17:40:34.139"/>
</kw>
<kw name="Run Application" library="AppLibrary">
<status status="PASS" starttime="20231113 17:40:34.139" endtime="20231113 17:40:34.139"/>
</kw>
<status status="PASS" starttime="20231113 17:40:34.139" endtime="20231113 17:40:34.139"/>
</kw>
<kw name="Output Should Contain" library="AppLibrary">
<arg>Username already taken</arg>
<status status="PASS" starttime="20231113 17:40:34.140" endtime="20231113 17:40:34.140"/>
</kw>
<status status="PASS" starttime="20231113 17:40:34.138" endtime="20231113 17:40:34.140"/>
</test>
<test id="s1-s2-t3" name="Register With Too Short Username And Valid Password" line="14">
<kw name="Input New Command And Create User" type="SETUP">
<kw name="Input New Command" library="resource">
<kw name="Input" library="AppLibrary">
<arg>new</arg>
<status status="PASS" starttime="20231113 17:40:34.140" endtime="20231113 17:40:34.140"/>
</kw>
<status status="PASS" starttime="20231113 17:40:34.140" endtime="20231113 17:40:34.140"/>
</kw>
<kw name="Create User" library="AppLibrary">
<arg>kalle</arg>
<arg>kalle123</arg>
<status status="PASS" starttime="20231113 17:40:34.140" endtime="20231113 17:40:34.141"/>
</kw>
<status status="PASS" starttime="20231113 17:40:34.140" endtime="20231113 17:40:34.141"/>
</kw>
<kw name="Input Credentials" library="resource">
<arg>h</arg>
<arg>jhgskdf34567</arg>
<kw name="Input" library="AppLibrary">
<arg>${username}</arg>
<status status="PASS" starttime="20231113 17:40:34.141" endtime="20231113 17:40:34.141"/>
</kw>
<kw name="Input" library="AppLibrary">
<arg>${password}</arg>
<status status="PASS" starttime="20231113 17:40:34.141" endtime="20231113 17:40:34.141"/>
</kw>
<kw name="Run Application" library="AppLibrary">
<status status="PASS" starttime="20231113 17:40:34.141" endtime="20231113 17:40:34.141"/>
</kw>
<status status="PASS" starttime="20231113 17:40:34.141" endtime="20231113 17:40:34.141"/>
</kw>
<kw name="Output Should Contain" library="AppLibrary">
<arg>Invalid username, must be at least 3 characters</arg>
<status status="PASS" starttime="20231113 17:40:34.141" endtime="20231113 17:40:34.141"/>
</kw>
<status status="PASS" starttime="20231113 17:40:34.140" endtime="20231113 17:40:34.141"/>
</test>
<test id="s1-s2-t4" name="Register With Enough Long But Invald Username And Valid Password" line="18">
<kw name="Input New Command And Create User" type="SETUP">
<kw name="Input New Command" library="resource">
<kw name="Input" library="AppLibrary">
<arg>new</arg>
<status status="PASS" starttime="20231113 17:40:34.142" endtime="20231113 17:40:34.142"/>
</kw>
<status status="PASS" starttime="20231113 17:40:34.142" endtime="20231113 17:40:34.142"/>
</kw>
<kw name="Create User" library="AppLibrary">
<arg>kalle</arg>
<arg>kalle123</arg>
<status status="PASS" starttime="20231113 17:40:34.142" endtime="20231113 17:40:34.142"/>
</kw>
<status status="PASS" starttime="20231113 17:40:34.142" endtime="20231113 17:40:34.142"/>
</kw>
<kw name="Input Credentials" library="resource">
<arg>hello23459</arg>
<arg>kkgjdifjut5437</arg>
<kw name="Input" library="AppLibrary">
<arg>${username}</arg>
<status status="PASS" starttime="20231113 17:40:34.142" endtime="20231113 17:40:34.142"/>
</kw>
<kw name="Input" library="AppLibrary">
<arg>${password}</arg>
<status status="PASS" starttime="20231113 17:40:34.142" endtime="20231113 17:40:34.142"/>
</kw>
<kw name="Run Application" library="AppLibrary">
<status status="PASS" starttime="20231113 17:40:34.142" endtime="20231113 17:40:34.143"/>
</kw>
<status status="PASS" starttime="20231113 17:40:34.142" endtime="20231113 17:40:34.143"/>
</kw>
<kw name="Output Should Contain" library="AppLibrary">
<arg>Invalid username, must contain characters</arg>
<status status="PASS" starttime="20231113 17:40:34.143" endtime="20231113 17:40:34.143"/>
</kw>
<status status="PASS" starttime="20231113 17:40:34.141" endtime="20231113 17:40:34.143"/>
</test>
<test id="s1-s2-t5" name="Register With Valid Username And Too Short Password" line="22">
<kw name="Input New Command And Create User" type="SETUP">
<kw name="Input New Command" library="resource">
<kw name="Input" library="AppLibrary">
<arg>new</arg>
<status status="PASS" starttime="20231113 17:40:34.143" endtime="20231113 17:40:34.143"/>
</kw>
<status status="PASS" starttime="20231113 17:40:34.143" endtime="20231113 17:40:34.143"/>
</kw>
<kw name="Create User" library="AppLibrary">
<arg>kalle</arg>
<arg>kalle123</arg>
<status status="PASS" starttime="20231113 17:40:34.143" endtime="20231113 17:40:34.143"/>
</kw>
<status status="PASS" starttime="20231113 17:40:34.143" endtime="20231113 17:40:34.143"/>
</kw>
<kw name="Input Credentials" library="resource">
<arg>hellooo</arg>
<arg>kk32</arg>
<kw name="Input" library="AppLibrary">
<arg>${username}</arg>
<status status="PASS" starttime="20231113 17:40:34.144" endtime="20231113 17:40:34.144"/>
</kw>
<kw name="Input" library="AppLibrary">
<arg>${password}</arg>
<status status="PASS" starttime="20231113 17:40:34.144" endtime="20231113 17:40:34.144"/>
</kw>
<kw name="Run Application" library="AppLibrary">
<status status="PASS" starttime="20231113 17:40:34.144" endtime="20231113 17:40:34.144"/>
</kw>
<status status="PASS" starttime="20231113 17:40:34.144" endtime="20231113 17:40:34.144"/>
</kw>
<kw name="Output Should Contain" library="AppLibrary">
<arg>Must be at least 8 characters</arg>
<status status="PASS" starttime="20231113 17:40:34.144" endtime="20231113 17:40:34.144"/>
</kw>
<status status="PASS" starttime="20231113 17:40:34.143" endtime="20231113 17:40:34.144"/>
</test>
<test id="s1-s2-t6" name="Register With Valid Username And Long Enough Password Containing Only Letters" line="26">
<kw name="Input New Command And Create User" type="SETUP">
<kw name="Input New Command" library="resource">
<kw name="Input" library="AppLibrary">
<arg>new</arg>
<status status="PASS" starttime="20231113 17:40:34.145" endtime="20231113 17:40:34.145"/>
</kw>
<status status="PASS" starttime="20231113 17:40:34.145" endtime="20231113 17:40:34.145"/>
</kw>
<kw name="Create User" library="AppLibrary">
<arg>kalle</arg>
<arg>kalle123</arg>
<status status="PASS" starttime="20231113 17:40:34.145" endtime="20231113 17:40:34.145"/>
</kw>
<status status="PASS" starttime="20231113 17:40:34.145" endtime="20231113 17:40:34.145"/>
</kw>
<kw name="Input Credentials" library="resource">
<arg>helloooo</arg>
<arg>kkjglsoigushdjfils</arg>
<kw name="Input" library="AppLibrary">
<arg>${username}</arg>
<status status="PASS" starttime="20231113 17:40:34.145" endtime="20231113 17:40:34.145"/>
</kw>
<kw name="Input" library="AppLibrary">
<arg>${password}</arg>
<status status="PASS" starttime="20231113 17:40:34.145" endtime="20231113 17:40:34.146"/>
</kw>
<kw name="Run Application" library="AppLibrary">
<status status="PASS" starttime="20231113 17:40:34.146" endtime="20231113 17:40:34.146"/>
</kw>
<status status="PASS" starttime="20231113 17:40:34.145" endtime="20231113 17:40:34.146"/>
</kw>
<kw name="Output Should Contain" library="AppLibrary">
<arg>Password must contain letters and numbers</arg>
<status status="PASS" starttime="20231113 17:40:34.146" endtime="20231113 17:40:34.146"/>
</kw>
<status status="PASS" starttime="20231113 17:40:34.144" endtime="20231113 17:40:34.146"/>
</test>
<status status="PASS" starttime="20231113 17:40:34.135" endtime="20231113 17:40:34.146"/>
</suite>
<status status="PASS" starttime="20231113 17:40:34.116" endtime="20231113 17:40:34.146"/>
</suite>
<statistics>
<total>
<stat pass="9" fail="0" skip="0">All Tests</stat>
</total>
<tag>
</tag>
<suite>
<stat pass="9" fail="0" skip="0" id="s1" name="Tests">Tests</stat>
<stat pass="3" fail="0" skip="0" id="s1-s1" name="Login">Tests.Login</stat>
<stat pass="6" fail="0" skip="0" id="s1-s2" name="Register">Tests.Register</stat>
</suite>
</statistics>
<errors>
</errors>
</robot>
